<?xml version="1.0" encoding="UTF-8"?>
<!-- Generated by org.testng.reporters.JUnitReportReporter -->
<testsuite hostname="DESKTOP-8CID97K" failures="0" tests="1" name="MavenDemo.MavenFirstClass" time="4.563" errors="0" timestamp="2022-03-12T18:01:57 IST" skipped="0">
  <testcase classname="MavenDemo.MavenFirstClass" name="launchSelenium" time="4.563"/>
  <system-out/>
</testsuite> <!-- MavenDemo.MavenFirstClass -->
