<?xml version="1.0" encoding="UTF-8"?>
<!-- Generated by org.testng.reporters.JUnitReportReporter -->
<testsuite hostname="DESKTOP-8CID97K" failures="0" tests="1" name="MavenDemo.AppTest" time="0.007" errors="0" timestamp="2022-03-12T18:03:00 IST" skipped="0">
  <testcase classname="MavenDemo.AppTest" name="shouldAnswerWithTrue" time="0.007"/>
  <system-out/>
</testsuite> <!-- MavenDemo.AppTest -->
